0 info it worked if it ends with ok
1 verbose cli [ 'node', '/home/rozifus/local/bin/npm', 'start' ]
2 info using npm@2.1.9
3 info using node@v0.10.33
4 verbose run-script [ 'prestart', 'start', 'poststart' ]
5 info prestart react-arimaa@0.0.1
6 info start react-arimaa@0.0.1
7 verbose unsafe-perm in lifecycle true
8 info react-arimaa@0.0.1 Failed to exec start script
9 verbose stack Error: react-arimaa@0.0.1 start: `watchify -o ./static/bundle/app-bundle.js -v -d ./static/js/Init.js`
9 verbose stack Exit status 8
9 verbose stack     at EventEmitter.<anonymous> (/home/rozifus/local/lib/node_modules/npm/lib/utils/lifecycle.js:212:16)
9 verbose stack     at EventEmitter.emit (events.js:98:17)
9 verbose stack     at ChildProcess.<anonymous> (/home/rozifus/local/lib/node_modules/npm/lib/utils/spawn.js:14:12)
9 verbose stack     at ChildProcess.emit (events.js:98:17)
9 verbose stack     at maybeClose (child_process.js:756:16)
9 verbose stack     at Process.ChildProcess._handle.onexit (child_process.js:823:5)
10 verbose pkgid react-arimaa@0.0.1
11 verbose cwd /home/rozifus/Work/rozifus/react-arimaa/app
12 error Linux 3.13.0-40-generic
13 error argv "node" "/home/rozifus/local/bin/npm" "start"
14 error node v0.10.33
15 error npm  v2.1.9
16 error code ELIFECYCLE
17 error react-arimaa@0.0.1 start: `watchify -o ./static/bundle/app-bundle.js -v -d ./static/js/Init.js`
17 error Exit status 8
18 error Failed at the react-arimaa@0.0.1 start script 'watchify -o ./static/bundle/app-bundle.js -v -d ./static/js/Init.js'.
18 error This is most likely a problem with the react-arimaa package,
18 error not with npm itself.
18 error Tell the author that this fails on your system:
18 error     watchify -o ./static/bundle/app-bundle.js -v -d ./static/js/Init.js
18 error You can get their info via:
18 error     npm owner ls react-arimaa
18 error There is likely additional logging output above.
19 verbose exit [ 1, true ]
